<?xml version="1.0" encoding="UTF-8"?>
<coverage generated="1780699069595" clover="3.2.0">
  <project timestamp="1780699069595" name="All files">
    <metrics statements="32" coveredstatements="32" conditionals="16" coveredconditionals="16" methods="4" coveredmethods="4" elements="52" coveredelements="52" complexity="0" loc="32" ncloc="32" packages="1" files="4" classes="4"/>
    <file name="anthropic.js" path="/Users/julianzthong/health-chat-bot-demo/src/lib/anthropic.js">
      <metrics statements="9" coveredstatements="9" conditionals="4" coveredconditionals="4" methods="1" coveredmethods="1"/>
      <line num="12" count="1" type="stmt"/>
      <line num="13" count="1" type="stmt"/>
      <line num="14" count="1" type="stmt"/>
      <line num="23" count="10" type="stmt"/>
      <line num="39" count="10" type="cond" truecount="2" falsecount="0"/>
      <line num="40" count="2" type="stmt"/>
      <line num="41" count="2" type="cond" truecount="2" falsecount="0"/>
      <line num="44" count="8" type="stmt"/>
      <line num="45" count="8" type="stmt"/>
    </file>
    <file name="guardrails.js" path="/Users/julianzthong/health-chat-bot-demo/src/lib/guardrails.js">
      <metrics statements="6" coveredstatements="6" conditionals="4" coveredconditionals="4" methods="1" coveredmethods="1"/>
      <line num="13" count="1" type="stmt"/>
      <line num="25" count="14" type="cond" truecount="2" falsecount="0"/>
      <line num="26" count="4" type="stmt"/>
      <line num="32" count="10" type="cond" truecount="2" falsecount="0"/>
      <line num="33" count="4" type="stmt"/>
      <line num="40" count="6" type="stmt"/>
    </file>
    <file name="ollama.js" path="/Users/julianzthong/health-chat-bot-demo/src/lib/ollama.js">
      <metrics statements="8" coveredstatements="8" conditionals="4" coveredconditionals="4" methods="1" coveredmethods="1"/>
      <line num="25" count="1" type="stmt"/>
      <line num="26" count="1" type="stmt"/>
      <line num="35" count="11" type="stmt"/>
      <line num="50" count="11" type="cond" truecount="2" falsecount="0"/>
      <line num="51" count="2" type="stmt"/>
      <line num="52" count="2" type="cond" truecount="2" falsecount="0"/>
      <line num="55" count="9" type="stmt"/>
      <line num="56" count="9" type="stmt"/>
    </file>
    <file name="openai.js" path="/Users/julianzthong/health-chat-bot-demo/src/lib/openai.js">
      <metrics statements="9" coveredstatements="9" conditionals="4" coveredconditionals="4" methods="1" coveredmethods="1"/>
      <line num="19" count="1" type="stmt"/>
      <line num="20" count="1" type="stmt"/>
      <line num="21" count="1" type="stmt"/>
      <line num="30" count="11" type="stmt"/>
      <line num="46" count="11" type="cond" truecount="2" falsecount="0"/>
      <line num="47" count="2" type="stmt"/>
      <line num="48" count="2" type="cond" truecount="2" falsecount="0"/>
      <line num="51" count="9" type="stmt"/>
      <line num="52" count="9" type="stmt"/>
    </file>
  </project>
</coverage>
