{"/Users/julianzthong/health-chat-bot-demo/src/lib/anthropic.js": {"path":"/Users/julianzthong/health-chat-bot-demo/src/lib/anthropic.js","statementMap":{"0":{"start":{"line":12,"column":26},"end":{"line":12,"column":null}},"1":{"start":{"line":13,"column":14},"end":{"line":13,"column":null}},"2":{"start":{"line":14,"column":16},"end":{"line":14,"column":null}},"3":{"start":{"line":23,"column":19},"end":{"line":37,"column":null}},"4":{"start":{"line":39,"column":2},"end":{"line":42,"column":null}},"5":{"start":{"line":40,"column":16},"end":{"line":40,"column":null}},"6":{"start":{"line":41,"column":4},"end":{"line":41,"column":null}},"7":{"start":{"line":44,"column":15},"end":{"line":44,"column":null}},"8":{"start":{"line":45,"column":2},"end":{"line":45,"column":null}}},"fnMap":{"0":{"name":"sendMessage","decl":{"start":{"line":22,"column":22},"end":{"line":22,"column":34}},"loc":{"start":{"line":22,"column":58},"end":{"line":46,"column":null}},"line":22}},"branchMap":{"0":{"loc":{"start":{"line":39,"column":2},"end":{"line":42,"column":null}},"type":"if","locations":[{"start":{"line":39,"column":2},"end":{"line":42,"column":null}},{"start":{},"end":{}}],"line":39},"1":{"loc":{"start":{"line":41,"column":20},"end":{"line":41,"column":63}},"type":"binary-expr","locations":[{"start":{"line":41,"column":20},"end":{"line":41,"column":43}},{"start":{"line":41,"column":43},"end":{"line":41,"column":63}}],"line":41}},"s":{"0":1,"1":1,"2":1,"3":10,"4":10,"5":2,"6":2,"7":8,"8":8},"f":{"0":10},"b":{"0":[2,8],"1":[2,1]},"meta":{"lastBranch":2,"lastFunction":1,"lastStatement":9,"seen":{"s:12:26:12:Infinity":0,"s:13:14:13:Infinity":1,"s:14:16:14:Infinity":2,"f:22:22:22:34":0,"s:23:19:37:Infinity":3,"b:39:2:42:Infinity:undefined:undefined:undefined:undefined":0,"s:39:2:42:Infinity":4,"s:40:16:40:Infinity":5,"s:41:4:41:Infinity":6,"b:41:20:41:43:41:43:41:63":1,"s:44:15:44:Infinity":7,"s:45:2:45:Infinity":8}}}
,"/Users/julianzthong/health-chat-bot-demo/src/lib/guardrails.js": {"path":"/Users/julianzthong/health-chat-bot-demo/src/lib/guardrails.js","statementMap":{"0":{"start":{"line":13,"column":23},"end":{"line":17,"column":null}},"1":{"start":{"line":25,"column":2},"end":{"line":30,"column":null}},"2":{"start":{"line":26,"column":4},"end":{"line":29,"column":null}},"3":{"start":{"line":32,"column":2},"end":{"line":37,"column":null}},"4":{"start":{"line":33,"column":4},"end":{"line":36,"column":null}},"5":{"start":{"line":40,"column":2},"end":{"line":43,"column":null}}},"fnMap":{"0":{"name":"parseGuardrail","decl":{"start":{"line":24,"column":16},"end":{"line":24,"column":31}},"loc":{"start":{"line":24,"column":40},"end":{"line":44,"column":null}},"line":24}},"branchMap":{"0":{"loc":{"start":{"line":25,"column":2},"end":{"line":30,"column":null}},"type":"if","locations":[{"start":{"line":25,"column":2},"end":{"line":30,"column":null}},{"start":{},"end":{}}],"line":25},"1":{"loc":{"start":{"line":32,"column":2},"end":{"line":37,"column":null}},"type":"if","locations":[{"start":{"line":32,"column":2},"end":{"line":37,"column":null}},{"start":{},"end":{}}],"line":32}},"s":{"0":1,"1":14,"2":4,"3":10,"4":4,"5":6},"f":{"0":14},"b":{"0":[4,10],"1":[4,6]},"meta":{"lastBranch":2,"lastFunction":1,"lastStatement":6,"seen":{"s:13:23:17:Infinity":0,"f:24:16:24:31":0,"b:25:2:30:Infinity:undefined:undefined:undefined:undefined":0,"s:25:2:30:Infinity":1,"s:26:4:29:Infinity":2,"b:32:2:37:Infinity:undefined:undefined:undefined:undefined":1,"s:32:2:37:Infinity":3,"s:33:4:36:Infinity":4,"s:40:2:43:Infinity":5}}}
,"/Users/julianzthong/health-chat-bot-demo/src/lib/ollama.js": {"path":"/Users/julianzthong/health-chat-bot-demo/src/lib/ollama.js","statementMap":{"0":{"start":{"line":25,"column":23},"end":{"line":25,"column":null}},"1":{"start":{"line":26,"column":14},"end":{"line":26,"column":null}},"2":{"start":{"line":35,"column":19},"end":{"line":48,"column":null}},"3":{"start":{"line":50,"column":2},"end":{"line":53,"column":null}},"4":{"start":{"line":51,"column":17},"end":{"line":51,"column":null}},"5":{"start":{"line":52,"column":4},"end":{"line":52,"column":null}},"6":{"start":{"line":55,"column":15},"end":{"line":55,"column":null}},"7":{"start":{"line":56,"column":2},"end":{"line":56,"column":null}}},"fnMap":{"0":{"name":"sendMessage","decl":{"start":{"line":34,"column":22},"end":{"line":34,"column":34}},"loc":{"start":{"line":34,"column":58},"end":{"line":57,"column":null}},"line":34}},"branchMap":{"0":{"loc":{"start":{"line":50,"column":2},"end":{"line":53,"column":null}},"type":"if","locations":[{"start":{"line":50,"column":2},"end":{"line":53,"column":null}},{"start":{},"end":{}}],"line":50},"1":{"loc":{"start":{"line":52,"column":37},"end":{"line":52,"column":66}},"type":"binary-expr","locations":[{"start":{"line":52,"column":37},"end":{"line":52,"column":45}},{"start":{"line":52,"column":45},"end":{"line":52,"column":66}}],"line":52}},"s":{"0":1,"1":1,"2":11,"3":11,"4":2,"5":2,"6":9,"7":9},"f":{"0":11},"b":{"0":[2,9],"1":[2,2]},"meta":{"lastBranch":2,"lastFunction":1,"lastStatement":8,"seen":{"s:25:23:25:Infinity":0,"s:26:14:26:Infinity":1,"f:34:22:34:34":0,"s:35:19:48:Infinity":2,"b:50:2:53:Infinity:undefined:undefined:undefined:undefined":0,"s:50:2:53:Infinity":3,"s:51:17:51:Infinity":4,"s:52:4:52:Infinity":5,"b:52:37:52:45:52:45:52:66":1,"s:55:15:55:Infinity":6,"s:56:2:56:Infinity":7}}}
,"/Users/julianzthong/health-chat-bot-demo/src/lib/openai.js": {"path":"/Users/julianzthong/health-chat-bot-demo/src/lib/openai.js","statementMap":{"0":{"start":{"line":19,"column":23},"end":{"line":19,"column":null}},"1":{"start":{"line":20,"column":14},"end":{"line":20,"column":null}},"2":{"start":{"line":21,"column":16},"end":{"line":21,"column":null}},"3":{"start":{"line":30,"column":19},"end":{"line":44,"column":null}},"4":{"start":{"line":46,"column":2},"end":{"line":49,"column":null}},"5":{"start":{"line":47,"column":16},"end":{"line":47,"column":null}},"6":{"start":{"line":48,"column":4},"end":{"line":48,"column":null}},"7":{"start":{"line":51,"column":15},"end":{"line":51,"column":null}},"8":{"start":{"line":52,"column":2},"end":{"line":52,"column":null}}},"fnMap":{"0":{"name":"sendMessage","decl":{"start":{"line":29,"column":22},"end":{"line":29,"column":34}},"loc":{"start":{"line":29,"column":58},"end":{"line":53,"column":null}},"line":29}},"branchMap":{"0":{"loc":{"start":{"line":46,"column":2},"end":{"line":49,"column":null}},"type":"if","locations":[{"start":{"line":46,"column":2},"end":{"line":49,"column":null}},{"start":{},"end":{}}],"line":46},"1":{"loc":{"start":{"line":48,"column":20},"end":{"line":48,"column":70}},"type":"binary-expr","locations":[{"start":{"line":48,"column":20},"end":{"line":48,"column":43}},{"start":{"line":48,"column":43},"end":{"line":48,"column":70}}],"line":48}},"s":{"0":1,"1":1,"2":1,"3":11,"4":11,"5":2,"6":2,"7":9,"8":9},"f":{"0":11},"b":{"0":[2,9],"1":[2,1]},"meta":{"lastBranch":2,"lastFunction":1,"lastStatement":9,"seen":{"s:19:23:19:Infinity":0,"s:20:14:20:Infinity":1,"s:21:16:21:Infinity":2,"f:29:22:29:34":0,"s:30:19:44:Infinity":3,"b:46:2:49:Infinity:undefined:undefined:undefined:undefined":0,"s:46:2:49:Infinity":4,"s:47:16:47:Infinity":5,"s:48:4:48:Infinity":6,"b:48:20:48:43:48:43:48:70":1,"s:51:15:51:Infinity":7,"s:52:2:52:Infinity":8}}}
}
